<?xml version="1.0" encoding="UTF-8"?>
<!-- Generated by org.testng.reporters.JUnitXMLReporter -->
<testsuite ignored="1" hostname="Apaekshits_PC" failures="0" tests="5" name="Default test" time="84.068" errors="0" timestamp="2024-07-19T15:00:24 IST">
  <testcase classname="Apaekshit_Autoamtion.AutomationEnterpriseLevelFramework.SubmitOrderTest" name="submitOrder" time="11.184">
    <skipped/>
  </testcase> <!-- submitOrder -->
  <testcase classname="Apaekshit_Autoamtion.AutomationEnterpriseLevelFramework.SubmitOrderTest" name="submitOrder" time="11.398">
    <skipped/>
  </testcase> <!-- submitOrder -->
  <testcase classname="Apaekshit_Autoamtion.AutomationEnterpriseLevelFramework.SubmitOrderTest" name="submitOrder" time="14.328"/>
  <testcase classname="Apaekshit_Autoamtion.AutomationEnterpriseLevelFramework.SubmitOrderTest" name="submitOrder" time="11.215">
    <skipped/>
  </testcase> <!-- submitOrder -->
  <testcase classname="Apaekshit_Autoamtion.AutomationEnterpriseLevelFramework.SubmitOrderTest" name="submitOrder" time="14.999"/>
  <testcase classname="Apaekshit_Autoamtion.AutomationEnterpriseLevelFramework.SubmitOrderTest" name="OrderHistory" time="0.0">
    <ignored/>
  </testcase> <!-- OrderHistory -->
</testsuite> <!-- Default test -->
