<?xml version="1.0" encoding="UTF-8"?>
<!-- Generated by org.testng.reporters.JUnitXMLReporter -->
<testsuite ignored="0" hostname="Apaekshits_PC" failures="0" tests="2" name="Error Validation" time="10.425" errors="0" timestamp="2024-07-19T15:33:11 IST">
  <testcase classname="Apaekshit_Autoamtion.AutomationEnterpriseLevelFramework.ErrorValidation" name="errorValidation" time="0.637"/>
  <testcase classname="Apaekshit_Autoamtion.AutomationEnterpriseLevelFramework.ErrorValidation" name="productErrorValidation" time="0.886"/>
</testsuite> <!-- Error Validation -->
