<?xml version="1.0" encoding="UTF-8"?>
<!-- Generated by org.testng.reporters.JUnitXMLReporter -->
<testsuite ignored="0" hostname="Apaekshits_PC" failures="1" tests="5" name="Submit Order" time="67.338" errors="0" timestamp="2024-07-19T15:34:08 IST">
  <testcase classname="Apaekshit_Autoamtion.AutomationEnterpriseLevelFramework.SubmitOrderTest" name="submitOrder" time="11.345">
    <skipped/>
  </testcase> <!-- submitOrder -->
  <testcase classname="Apaekshit_Autoamtion.AutomationEnterpriseLevelFramework.SubmitOrderTest" name="submitOrder" time="11.203">
    <skipped/>
  </testcase> <!-- submitOrder -->
  <testcase classname="Apaekshit_Autoamtion.AutomationEnterpriseLevelFramework.SubmitOrderTest" name="submitOrder" time="14.362"/>
  <testcase classname="Apaekshit_Autoamtion.AutomationEnterpriseLevelFramework.SubmitOrderTest" name="submitOrder" time="14.23"/>
  <testcase classname="Apaekshit_Autoamtion.AutomationEnterpriseLevelFramework.SubmitOrderTest" name="OrderHistory" time="0.732">
    <failure type="java.lang.AssertionError" message="expected [true] but found [false]">
      <![CDATA[java.lang.AssertionError: expected [true] but found [false]
at Apaekshit_Autoamtion.AutomationEnterpriseLevelFramework.SubmitOrderTest.OrderHistory(SubmitOrderTest.java:56)
at java.base/java.util.ArrayList.forEach(ArrayList.java:1596)
at java.base/java.util.concurrent.FutureTask.run(FutureTask.java:317)
at java.base/java.util.concurrent.ThreadPoolExecutor.runWorker(ThreadPoolExecutor.java:1144)
at java.base/java.util.concurrent.ThreadPoolExecutor$Worker.run(ThreadPoolExecutor.java:642)
at java.base/java.lang.Thread.run(Thread.java:1583)
... Removed 20 stack frames]]>
    </failure>
  </testcase> <!-- OrderHistory -->
</testsuite> <!-- Submit Order -->
