<?xml version="1.0" encoding="UTF-8"?>
<!-- Generated by org.testng.reporters.JUnitXMLReporter -->
<testsuite ignored="2" hostname="Apaekshits_PC" failures="0" tests="0" time="0.014" errors="0" timestamp="2024-07-19T18:36:20 IST">
  <testcase classname="Apaekshit_Autoamtion.AutomationEnterpriseLevelFramework.ErrorValidation" name="errorValidation" time="0.0">
    <ignored/>
  </testcase> <!-- errorValidation -->
  <testcase classname="Apaekshit_Autoamtion.AutomationEnterpriseLevelFramework.ErrorValidation" name="productErrorValidation" time="0.0">
    <ignored/>
  </testcase> <!-- productErrorValidation -->
</testsuite>
