<?xml version="1.0" encoding="UTF-8"?>
<!-- Generated by org.testng.reporters.JUnitXMLReporter -->
<testsuite ignored="2" hostname="Apaekshits_PC" failures="0" tests="0" time="0.012" errors="0" timestamp="2024-07-19T15:44:17 IST">
  <testcase classname="Apaekshit_Autoamtion.AutomationEnterpriseLevelFramework.SubmitOrderTest" name="submitOrder" time="0.0">
    <ignored/>
  </testcase> <!-- submitOrder -->
  <testcase classname="Apaekshit_Autoamtion.AutomationEnterpriseLevelFramework.SubmitOrderTest" name="OrderHistory" time="0.0">
    <ignored/>
  </testcase> <!-- OrderHistory -->
</testsuite>
