<?xml version="1.0" encoding="UTF-8"?>
<!-- Generated by org.testng.reporters.JUnitXMLReporter -->
<testsuite ignored="1" hostname="Apaekshits_PC" failures="0" tests="2" name="Submit Order" time="41.709" errors="0" timestamp="2024-07-19T18:37:01 IST">
  <testcase classname="Apaekshit_Autoamtion.AutomationEnterpriseLevelFramework.SubmitOrderTest" name="submitOrder" time="14.166"/>
  <testcase classname="Apaekshit_Autoamtion.AutomationEnterpriseLevelFramework.SubmitOrderTest" name="submitOrder" time="14.167"/>
  <testcase classname="Apaekshit_Autoamtion.AutomationEnterpriseLevelFramework.SubmitOrderTest" name="OrderHistory" time="0.0">
    <ignored/>
  </testcase> <!-- OrderHistory -->
</testsuite> <!-- Submit Order -->
