<?xml version="1.0" encoding="UTF-8"?>
<testng-results ignored="0" total="2" passed="2" failed="0" skipped="0">
  <reporter-output>
  </reporter-output>
  <suite started-at="2024-07-19T18:36:19 IST" name="Suite" finished-at="2024-07-19T18:37:01 IST" duration-ms="41709">
    <groups>
      <group name="Purchase">
        <method signature="SubmitOrderTest.submitOrder(java.util.HashMap)[pri:0, instance:Apaekshit_Autoamtion.AutomationEnterpriseLevelFramework.SubmitOrderTest@73eb439a]" name="submitOrder" class="Apaekshit_Autoamtion.AutomationEnterpriseLevelFramework.SubmitOrderTest"/>
      </group> <!-- Purchase -->
    </groups>
    <test started-at="2024-07-19T18:36:19 IST" name="Error Validation" finished-at="2024-07-19T18:36:19 IST" duration-ms="14">
    </test> <!-- Error Validation -->
    <test started-at="2024-07-19T18:36:19 IST" name="Submit Order" finished-at="2024-07-19T18:37:01 IST" duration-ms="41709">
      <class name="Apaekshit_Autoamtion.AutomationEnterpriseLevelFramework.SubmitOrderTest">
        <test-method is-config="true" signature="launchApplication()[pri:0, instance:Apaekshit_Autoamtion.AutomationEnterpriseLevelFramework.SubmitOrderTest@73eb439a]" started-at="2024-07-19T18:36:20 IST" name="launchApplication" finished-at="2024-07-19T18:36:30 IST" duration-ms="10546" status="PASS">
          <reporter-output>
          </reporter-output>
        </test-method> <!-- launchApplication -->
        <test-method signature="submitOrder(java.util.HashMap)[pri:0, instance:Apaekshit_Autoamtion.AutomationEnterpriseLevelFramework.SubmitOrderTest@73eb439a]" started-at="2024-07-19T18:36:30 IST" name="submitOrder" data-provider="getData" finished-at="2024-07-19T18:36:44 IST" duration-ms="14166" status="PASS">
          <params>
            <param index="0">
              <value>
                <![CDATA[{password=Admin123, email=demotest7@gmail.com, productName=ZARA COAT 3}]]>
              </value>
            </param>
          </params>
          <reporter-output>
          </reporter-output>
        </test-method> <!-- submitOrder -->
        <test-method is-config="true" signature="tearDown()[pri:0, instance:Apaekshit_Autoamtion.AutomationEnterpriseLevelFramework.SubmitOrderTest@73eb439a]" started-at="2024-07-19T18:36:44 IST" name="tearDown" finished-at="2024-07-19T18:36:45 IST" duration-ms="30" status="PASS">
          <reporter-output>
          </reporter-output>
        </test-method> <!-- tearDown -->
        <test-method is-config="true" signature="launchApplication()[pri:0, instance:Apaekshit_Autoamtion.AutomationEnterpriseLevelFramework.SubmitOrderTest@73eb439a]" started-at="2024-07-19T18:36:45 IST" name="launchApplication" finished-at="2024-07-19T18:36:47 IST" duration-ms="2473" status="PASS">
          <reporter-output>
          </reporter-output>
        </test-method> <!-- launchApplication -->
        <test-method signature="submitOrder(java.util.HashMap)[pri:0, instance:Apaekshit_Autoamtion.AutomationEnterpriseLevelFramework.SubmitOrderTest@73eb439a]" started-at="2024-07-19T18:36:47 IST" name="submitOrder" data-provider="getData" finished-at="2024-07-19T18:37:01 IST" duration-ms="14167" status="PASS">
          <params>
            <param index="0">
              <value>
                <![CDATA[{password=Admin@123, email=demotest777@gmail.com, productName=ADIDAS ORIGINAL}]]>
              </value>
            </param>
          </params>
          <reporter-output>
          </reporter-output>
        </test-method> <!-- submitOrder -->
        <test-method is-config="true" signature="tearDown()[pri:0, instance:Apaekshit_Autoamtion.AutomationEnterpriseLevelFramework.SubmitOrderTest@73eb439a]" started-at="2024-07-19T18:37:01 IST" name="tearDown" finished-at="2024-07-19T18:37:01 IST" duration-ms="24" status="PASS">
          <reporter-output>
          </reporter-output>
        </test-method> <!-- tearDown -->
      </class> <!-- Apaekshit_Autoamtion.AutomationEnterpriseLevelFramework.SubmitOrderTest -->
    </test> <!-- Submit Order -->
  </suite> <!-- Suite -->
</testng-results>
